1624700600020	geckodriver	INFO	Listening on 127.0.0.1:63610
1624700603081	mozrunner::runner	INFO	Running command: "C:\\Program Files\\Mozilla Firefox\\firefox.exe" "--marionette" "-foreground" "-no-remote" "-profile" "C:\\Users\\lenovo\\AppData\\Local\\Temp\\rust_mozprofilePSTiuE"
1624700603493	Marionette	INFO	Marionette enabled
console.warn: SearchSettings: "get: No settings file exists, new profile?" (new NotFoundError("Could not open the file at C:\\Users\\lenovo\\AppData\\Local\\Temp\\rust_mozprofilePSTiuE\\search.json.mozlz4", (void 0)))
1624700606318	Marionette	INFO	Listening on port 63618
1624700606788	Marionette	WARN	TLS certificate errors will be ignored for this session
console.warn: services.settings: main/whats-new-panel sync interrupted by shutdown
1624700607617	Marionette	INFO	Stopped listening on port 63618

###!!! [Child][RunMessage] Error: Channel closing: too late to send/recv, messages will be lost

1624700667402	geckodriver	INFO	Listening on 127.0.0.1:63716
1624700670459	mozrunner::runner	INFO	Running command: "C:\\Program Files\\Mozilla Firefox\\firefox.exe" "--marionette" "-foreground" "-no-remote" "-profile" "C:\\Users\\lenovo\\AppData\\Local\\Temp\\rust_mozprofileN3qLBB"
1624700671056	Marionette	INFO	Marionette enabled
console.warn: SearchSettings: "get: No settings file exists, new profile?" (new NotFoundError("Could not open the file at C:\\Users\\lenovo\\AppData\\Local\\Temp\\rust_mozprofileN3qLBB\\search.json.mozlz4", (void 0)))
1624700674001	Marionette	INFO	Listening on port 63724
1624700674164	Marionette	WARN	TLS certificate errors will be ignored for this session
console.error: (new TypeError("parent is null", "resource://devtools/client/inspector/shared/style-change-tracker.js", 67))
TypeError: parent is null: canMutationImpactCurrentStyles@resource://devtools/client/inspector/shared/style-change-tracker.js:67:24
onMutations@resource://devtools/client/inspector/shared/style-change-tracker.js:84:41
_emit@resource://devtools/shared/event-emitter.js:226:34
emit@resource://devtools/shared/event-emitter.js:172:18
emit@resource://devtools/shared/event-emitter.js:324:18
getMutations@resource://devtools/client/fronts/walker.js:358:10

console.error: (new TypeError("container.node.targetFront is null", "resource://devtools/client/inspector/markup/markup.js", 2310))
1624700809926	Marionette	INFO	Stopped listening on port 63724

###!!! [Child][RunMessage] Error: Channel closing: too late to send/recv, messages will be lost

1624700812154	geckodriver	INFO	Listening on 127.0.0.1:63859
1624700815208	mozrunner::runner	INFO	Running command: "C:\\Program Files\\Mozilla Firefox\\firefox.exe" "--marionette" "-foreground" "-no-remote" "-profile" "C:\\Users\\lenovo\\AppData\\Local\\Temp\\rust_mozprofileDA2kwJ"
1624700815799	Marionette	INFO	Marionette enabled
console.warn: SearchSettings: "get: No settings file exists, new profile?" (new NotFoundError("Could not open the file at C:\\Users\\lenovo\\AppData\\Local\\Temp\\rust_mozprofileDA2kwJ\\search.json.mozlz4", (void 0)))
1624700818878	Marionette	INFO	Listening on port 63867
1624700818928	Marionette	WARN	TLS certificate errors will be ignored for this session
1624700920307	Marionette	INFO	Stopped listening on port 63867

###!!! [Child][RunMessage] Error: Channel closing: too late to send/recv, messages will be lost

1624700922360	geckodriver	INFO	Listening on 127.0.0.1:64027
1624700925409	mozrunner::runner	INFO	Running command: "C:\\Program Files\\Mozilla Firefox\\firefox.exe" "--marionette" "-foreground" "-no-remote" "-profile" "C:\\Users\\lenovo\\AppData\\Local\\Temp\\rust_mozprofileXLoHXW"
1624700925822	Marionette	INFO	Marionette enabled
console.warn: SearchSettings: "get: No settings file exists, new profile?" (new NotFoundError("Could not open the file at C:\\Users\\lenovo\\AppData\\Local\\Temp\\rust_mozprofileXLoHXW\\search.json.mozlz4", (void 0)))
1624700928363	Marionette	INFO	Listening on port 64035
1624700928617	Marionette	WARN	TLS certificate errors will be ignored for this session
1624700965416	Marionette	INFO	Stopped listening on port 64035

###!!! [Child][RunMessage] Error: Channel closing: too late to send/recv, messages will be lost

1624700970230	geckodriver	INFO	Listening on 127.0.0.1:64153
1624700973286	mozrunner::runner	INFO	Running command: "C:\\Program Files\\Mozilla Firefox\\firefox.exe" "--marionette" "-foreground" "-no-remote" "-profile" "C:\\Users\\lenovo\\AppData\\Local\\Temp\\rust_mozprofileVuSnBX"
1624700973704	Marionette	INFO	Marionette enabled
console.warn: SearchSettings: "get: No settings file exists, new profile?" (new NotFoundError("Could not open the file at C:\\Users\\lenovo\\AppData\\Local\\Temp\\rust_mozprofileVuSnBX\\search.json.mozlz4", (void 0)))
1624700976371	Marionette	INFO	Listening on port 64161
1624700976473	Marionette	WARN	TLS certificate errors will be ignored for this session
1624701010479	Marionette	INFO	Stopped listening on port 64161

###!!! [Child][RunMessage] Error: Channel closing: too late to send/recv, messages will be lost

1624701011637	geckodriver	INFO	Listening on 127.0.0.1:64269
1624701014688	mozrunner::runner	INFO	Running command: "C:\\Program Files\\Mozilla Firefox\\firefox.exe" "--marionette" "-foreground" "-no-remote" "-profile" "C:\\Users\\lenovo\\AppData\\Local\\Temp\\rust_mozprofile5fETrC"
1624701015099	Marionette	INFO	Marionette enabled
console.warn: SearchSettings: "get: No settings file exists, new profile?" (new NotFoundError("Could not open the file at C:\\Users\\lenovo\\AppData\\Local\\Temp\\rust_mozprofile5fETrC\\search.json.mozlz4", (void 0)))
1624701017725	Marionette	INFO	Listening on port 64277
1624701017896	Marionette	WARN	TLS certificate errors will be ignored for this session
1624701070153	Marionette	INFO	Stopped listening on port 64277

###!!! [Child][RunMessage] Error: Channel closing: too late to send/recv, messages will be lost

1624701071200	geckodriver	INFO	Listening on 127.0.0.1:64393
1624701074252	mozrunner::runner	INFO	Running command: "C:\\Program Files\\Mozilla Firefox\\firefox.exe" "--marionette" "-foreground" "-no-remote" "-profile" "C:\\Users\\lenovo\\AppData\\Local\\Temp\\rust_mozprofileAiX8lz"
1624701074691	Marionette	INFO	Marionette enabled
console.warn: SearchSettings: "get: No settings file exists, new profile?" (new NotFoundError("Could not open the file at C:\\Users\\lenovo\\AppData\\Local\\Temp\\rust_mozprofileAiX8lz\\search.json.mozlz4", (void 0)))
1624701077201	Marionette	INFO	Listening on port 64401
1624701077456	Marionette	WARN	TLS certificate errors will be ignored for this session
console.warn: LoginRecipes: "getRecipes: falling back to a synchronous message for:" "https://www.duolingo.com"
1624701171591	Marionette	INFO	Stopped listening on port 64401

###!!! [Child][RunMessage] Error: Channel closing: too late to send/recv, messages will be lost

1624701172520	geckodriver	INFO	Listening on 127.0.0.1:60439
1624701175560	mozrunner::runner	INFO	Running command: "C:\\Program Files\\Mozilla Firefox\\firefox.exe" "--marionette" "-foreground" "-no-remote" "-profile" "C:\\Users\\lenovo\\AppData\\Local\\Temp\\rust_mozprofileM08F0e"
1624701176043	Marionette	INFO	Marionette enabled
console.warn: SearchSettings: "get: No settings file exists, new profile?" (new NotFoundError("Could not open the file at C:\\Users\\lenovo\\AppData\\Local\\Temp\\rust_mozprofileM08F0e\\search.json.mozlz4", (void 0)))
1624701178696	Marionette	INFO	Listening on port 60447
1624701178751	Marionette	WARN	TLS certificate errors will be ignored for this session
JavaScript error: resource://devtools/client/jsonview/Sniffer.jsm, line 56: NS_ERROR_NOT_AVAILABLE: Component returned failure code: 0x80040111 (NS_ERROR_NOT_AVAILABLE) [nsIChannel.contentType]
1624701217416	Marionette	INFO	Stopped listening on port 60447

###!!! [Child][RunMessage] Error: Channel closing: too late to send/recv, messages will be lost

1624701218448	geckodriver	INFO	Listening on 127.0.0.1:60555
1624701221504	mozrunner::runner	INFO	Running command: "C:\\Program Files\\Mozilla Firefox\\firefox.exe" "--marionette" "-foreground" "-no-remote" "-profile" "C:\\Users\\lenovo\\AppData\\Local\\Temp\\rust_mozprofiletCCGfF"
1624701221955	Marionette	INFO	Marionette enabled
console.warn: SearchSettings: "get: No settings file exists, new profile?" (new NotFoundError("Could not open the file at C:\\Users\\lenovo\\AppData\\Local\\Temp\\rust_mozprofiletCCGfF\\search.json.mozlz4", (void 0)))
1624701224393	Marionette	INFO	Listening on port 60563
1624701224688	Marionette	WARN	TLS certificate errors will be ignored for this session
console.warn: LoginRecipes: "getRecipes: falling back to a synchronous message for:" "https://www.duolingo.com"
console.log: WebExtensions: reset-default-search: starting.
console.log: WebExtensions: reset-default-search: No addons in our list are installed.
1624702129556	Marionette	INFO	Stopped listening on port 60561624702129818	mozrunner::runner	INFO	Running command: "C:\\Program Files\\Mozilla Firefox\\firefox.exe" "--marionette" "-foreground" "-no-remote" "-profile" "C:\\Users\\lenovo\\AppData\\Local\\Temp\\rust_mozprofileXjBwuB"
1624702130246	Marionette	INFO	Marionette enabled
console.warn: SearchSettings: "get: No settings file exists, new profile?" (new NotFoundError("Could not open the file at C:\\Users\\lenovo\\AppData\\Local\\Temp\\rust_mozprofileXjBwuB\\search.json.mozlz4", (void 0)))
1624702133467	Marionette	INFO	Listening on port 63123
1624702133565	Marionette	WARN	TLS certificate errors will be ignored for this session
1624702225645	Marionette	INFO	Stopped listening on port 63123

###!!! [Child][RunMessage] Error: Channel closing: too late to send/recv, messages will be lost

1624702227091	geckodriver	INFO	Listening on 127.0.0.1:63227
1624702230140	mozrunner::runner	INFO	Running command: "C:\\Program Files\\Mozilla Firefox\\firefox.exe" "--marionette" "-foreground" "-no-remote" "-profile" "C:\\Users\\lenovo\\AppData\\Local\\Temp\\rust_mozprofileicnQez"
1624702230569	Marionette	INFO	Marionette enabled
console.warn: SearchSettings: "get: No settings file exists, new profile?" (new NotFoundError("Could not open the file at C:\\Users\\lenovo\\AppData\\Local\\Temp\\rust_mozprofileicnQez\\search.json.mozlz4", (void 0)))
1624702233037	Marionette	INFO	Listening on port 63235
1624702233331	Marionette	WARN	TLS certificate errors will be ignored for this session
1624702265804	Marionette	INFO	Stopped listening on port 63235

###!!! [Child][RunMessage] Error: Channel closing: too late to send/recv, messages will be lost

1624702267580	geckodriver	INFO	Listening on 127.0.0.1:63337
1624702270628	mozrunner::runner	INFO	Running command: "C:\\Program Files\\Mozilla Firefox\\firefox.exe" "--marionette" "-foreground" "-no-remote" "-profile" "C:\\Users\\lenovo\\AppData\\Local\\Temp\\rust_mozprofileTN3Her"
1624702271011	Marionette	INFO	Marionette enabled
console.warn: SearchSettings: "get: No settings file exists, new profile?" (new NotFoundError("Could not open the file at C:\\Users\\lenovo\\AppData\\Local\\Temp\\rust_mozprofileTN3Her\\search.json.mozlz4", (void 0)))
1624702273434	Marionette	INFO	Listening on port 63346
1624702273820	Marionette	WARN	TLS certificate errors will be ignored for this session
console.error: "Tried to send a 'target-destroyed-form' event on an already destroyed actor 'watcher'"
console.error: "Exception while opening the toolbox" "Error: Connection closed, pending request to server0.conn0.target-configuration5, type updateConfiguration failed\n\nRequest stack:\nrequest@resource://devtools/shared/protocol/Front.js:292:14\ngenerateRequestMethods/</frontProto[name]@resource://devtools/shared/protocol/Front/FrontClassWithSpec.js:46:19\nupdateConfiguration@resource://devtools/shared/commands/target-configuration/target-configuration-command.js:53:48\npermitUnload@chrome://global/content/elements/browser-custom-element.js:1716:21\n_beginRemoveTab@chrome://browser/content/tabbrowser.js:3673:40\nremoveTab@chrome://browser/content/tabbrowser.js:3567:15\nremoveCurrentTab@chrome://browser/content/tabbrowser.js:3522:12\nBrowserCloseTabOrWindow@chrome://browser/content/browser.js:3048:12\noncommand@chrome://browser/content/browser.xhtml:1:24\n" (new Error("Connection closed, pending request to server0.conn0.target-configuration5, type updateConfiguration failed\n\nRequest stack:\nrequest@resource://devtools/shared/protocol/Front.js:292:14\ngenerateRequestMethods/</frontProto[name]@resource://devtools/shared/protocol/Front/FrontClassWithSpec.js:46:19\nupdateConfiguration@resource://devtools/shared/commands/target-configuration/target-configuration-command.js:53:48\npermitUnload@chrome://global/content/elements/browser-custom-element.js:1716:21\n_beginRemoveTab@chrome://browser/content/tabbrowser.js:3673:40\nremoveTab@chrome://browser/content/tabbrowser.js:3567:15\nremoveCurrentTab@chrome://browser/content/tabbrowser.js:3522:12\nBrowserCloseTabOrWindow@chrome://browser/content/browser.js:3048:12\noncommand@chrome://browser/content/browser.xhtml:1:24\n", "resource://devtools/shared/protocol/Front.js", 103))
baseFrontClassDestroy@resource://devtools/shared/protocol/Front.js:103:23
destroy@resource://devtools/shared/protocol/Front.js:71:10
destroy@resource://devtools/shared/protocol/Pool.js:199:17
baseFrontClassDestroy@resource://devtools/shared/protocol/Front.js:107:13
destroy@resource://devtools/shared/protocol/Front.js:71:10
destroy@resource://devtools/shared/protocol/Pool.js:199:17
baseFrontClassDestroy@resource://devtools/shared/protocol/Front.js:107:13
destroy@resource://devtools/shared/protocol/Front.js:71:10
destroy@resource://devtools/client/fronts/descriptors/descriptor-mixin.js:67:19
destroy@resource://devtools/client/fronts/descriptors/tab.js:79:11
_emit@resource://devtools/shared/event-emitter.js:226:34
emit@resource://devtools/shared/event-emitter.js:172:18
emit@resource://devtools/shared/event-emitter.js:324:18
destroy@resource://devtools/client/fronts/descriptors/tab.js:74:12
_destroyToolbox/onceDestroyed</<@resource://devtools/client/framework/toolbox.js:3842:41

JavaScript error: resource://devtools/shared/DevToolsUtils.js, line 957: TypeError: win is null
console.error: "stylesheets: fetch failed for https://d35aaqx5ub95lt.cloudfront.net/css/app-bff74bd8.css, using system principal instead."
console.error: "stylesheets: fetch failed for https://d35aaqx5ub95lt.cloudfront.net/css/app-bff74bd8.css, using system principal instead."
console.error: "Error while calling actor 'pagestyle's method 'getApplied'" "InspectorUtils.hasRulesModifiedByCSSOM: Argument 1 does not implement interface CSSStyleSheet."
console.error: (new TypeError("InspectorUtils.hasRulesModifiedByCSSOM: Argument 1 does not implement interface CSSStyleSheet.", "resource://devtools/server/actors/style-rule.js", 157))
console.error: "Error while calling actor 'pagestyle's method 'getApplied'" "InspectorUtils.hasRulesModifiedByCSSOM: Argument 1 does not implement interface CSSStyleSheet."
console.error: (new TypeError("InspectorUtils.hasRulesModifiedByCSSOM: Argument 1 does not implement interface CSSStyleSheet.", "resource://devtools/server/actors/style-rule.js", 157))
1624702301716	Marionette	INFO	Stopped listening on port 63346
1624702309218	geckodriver	INFO	Listening on 127.0.0.1:63457
1624702312260	mozrunner::runner	INFO	Running command: "C:\\Program Files\\Mozilla Firefox\\firefox.exe" "--marionette" "-foreground" "-no-remote" "-profile" "C:\\Users\\lenovo\\AppData\\Local\\Temp\\rust_mozprofile01eOmQ"
1624702312644	Marionette	INFO	Marionette enabled
console.warn: SearchSettings: "get: No settings file exists, new profile?" (new NotFoundError("Could not open the file at C:\\Users\\lenovo\\AppData\\Local\\Temp\\rust_mozprofile01eOmQ\\search.json.mozlz4", (void 0)))
1624702315147	Marionette	INFO	Listening on port 63465
1624702315457	Marionette	WARN	TLS certificate errors will be ignored for this session
console.error: "Tried to send a 'target-destroyed-form' event on an already destroyed actor 'watcher'"
1624702370802	Marionette	INFO	Stopped listening on port 63465

###!!! [Child][RunMessage] Error: Channel closing: too late to send/recv, messages will be lost

1624702372118	geckodriver	INFO	Listening on 127.0.0.1:63606
1624702375174	mozrunner::runner	INFO	Running command: "C:\\Program Files\\Mozilla Firefox\\firefox.exe" "--marionette" "-foreground" "-no-remote" "-profile" "C:\\Users\\lenovo\\AppData\\Local\\Temp\\rust_mozprofileYozrdf"
1624702375561	Marionette	INFO	Marionette enabled
console.warn: SearchSettings: "get: No settings file exists, new profile?" (new NotFoundError("Could not open the file at C:\\Users\\lenovo\\AppData\\Local\\Temp\\rust_mozprofileYozrdf\\search.json.mozlz4", (void 0)))
1624702378097	Marionette	INFO	Listening on port 63614
1624702378363	Marionette	WARN	TLS certificate errors will be ignored for this session
1624702445102	Marionette	INFO	Stopped listening on port 63614

###!!! [Child][RunMessage] Error: Channel closing: too late to send/recv, messages will be lost

"--marionette" "-foreground" "-no-remote" "-profile" "C:\\Users\\lenovo\\AppData\\Local\\Temp\\rust_mozprofilevq5DMP"
1624702425502	Marionette	INFO	Marionette enabled
console.warn: SearchSettings: "get: No settings file exists, new profile?" (new NotFoundError("Could not open the file at C:\\Users\\lenovo\\AppData\\Local\\Temp\\rust_mozprofilevq5DMP\\search.json.mozlz4", (void 0)))
1624702428227	Marionette	INFO	Listening on port 63800
1624702428297	Marionette	WARN	TLS certificate errors will be ignored for this session
1624702443310	Marionette	INFO	Stopped listening on port 63800

###!!! [Child][RunMessage] Error: Channel closing: too late to send/recv, messages will be lost

1624702447300	geckodriver	INFO	Listening on 127.0.0.1:63912
1624702450351	mozrunner::runner	INFO	Running command: "C:\\Program Files\\Mozilla Firefox\\firefox.exe" "--marionette" "-foreground" "-no-remote" "-profile" "C:\\Users\\lenovo\\AppData\\Local\\Temp\\rust_mozprofilez3zmws"
1624702450727	Marionette	INFO	Marionette enabled
console.warn: SearchSettings: "get: No settings file exists, new profile?" (new NotFoundError("Could not open the file at C:\\Users\\lenovo\\AppData\\Local\\Temp\\rust_mozprofilez3zmws\\search.json.mozlz4", (void 0)))
1624702453157	Marionette	INFO	Listening on port 63920
1624702453533	Marionette	WARN	TLS certificate errors will be ignored for this session
1624702584012	Marionette	INFO	Stopped listening on port 63920

###!!! [Child][RunMessage] Error: Channel closing: too late to send/recv, messages will be lost

1624702600440	geckodriver	INFO	Listening on 127.0.0.1:64021
1624702603496	mozrunner::runner	INFO	Running command: "C:\\Program Files\\Mozilla Firefox\\firefox.exe" "--marionette" "-foreground" "-no-remote" "-profile" "C:\\Users\\lenovo\\AppData\\Local\\Temp\\rust_mozprofilebGVTW5"
1624702603925	Marionette	INFO	Marionette enabled
console.warn: SearchSettings: "get: No settings file exists, new profile?" (new NotFoundError("Could not open the file at C:\\Users\\lenovo\\AppData\\Local\\Temp\\rust_mozprofilebGVTW5\\search.json.mozlz4", (void 0)))
1624702606975	Marionette	INFO	Listening on port 64029
1624702607206	Marionette	WARN	TLS certificate errors will be ignored for this session
1624702622966	Marionette	INFO	Stopped listening on port 64029

###!!! [Child][RunMessage] Error: Channel closing: too late to send/recv, messages will be lost

1624702624403	geckodriver	INFO	Listening on 127.0.0.1:64125
1624702627448	mozrunner::runner	INFO	Running command: "C:\\Program Files\\Mozilla Firefox\\firefox.exe" "--marionette" "-foreground" "-no-remote" "-profile" "C:\\Users\\lenovo\\AppData\\Local\\Temp\\rust_mozprofilelCQ2EO"
1624702627922	Marionette	INFO	Marionette enabled
console.warn: SearchSettings: "get: No settings file exists, new profile?" (new NotFoundError("Could not open the file at C:\\Users\\lenovo\\AppData\\Local\\Temp\\rust_mozprofilelCQ2EO\\search.json.mozlz4", (void 0)))
1624702630906	Marionette	INFO	Listening on port 64133
1624702631127	Marionette	WARN	TLS certificate errors will be ignored for this session
1624702661878	Marionette	INFO	Stopped listening on port 64133

###!!! [Child][RunMessage] Error: Channel closing: too late to send/recv, messages will be lost

1624702750363	geckodriver	INFO	Listening on 127.0.0.1:64265
1624702753400	mozrunner::runner	INFO	Running command: "C:\\Program Files\\Mozilla Firefox\\firefox.exe" "--marionette" "-foreground" "-no-remote" "-profile" "C:\\Users\\lenovo\\AppData\\Local\\Temp\\rust_mozprofileabN5gl"
1624702753863	Marionette	INFO	Marionette enabled
console.warn: SearchSettings: "get: No settings file exists, new profile?" (new NotFoundError("Could not open the file at C:\\Users\\lenovo\\AppData\\Local\\Temp\\rust_mozprofileabN5gl\\search.json.mozlz4", (void 0)))
1624702756755	Marionette	INFO	Listening on port 64273
1624702757104	Marionette	WARN	TLS certificate errors will be ignored for this session
1624702787604	Marionette	INFO	Stopped listening on port 64273

###!!! [Child][RunMessage] Error: Channel closing: too late to send/recv, messages will be lost

1624702818925	geckodriver	INFO	Listening on 127.0.0.1:64385
1624702821974	mozrunner::runner	INFO	Running command: "C:\\Program Files\\Mozilla Firefox\\firefox.exe" "--marionette" "-foreground" "-no-remote" "-profile" "C:\\Users\\lenovo\\AppData\\Local\\Temp\\rust_mozprofileup97qL"
1624702822378	Marionette	INFO	Marionette enabled
console.warn: SearchSettings: "get: No settings file exists, new profile?" (new NotFoundError("Could not open the file at C:\\Users\\lenovo\\AppData\\Local\\Temp\\rust_mozprofileup97qL\\search.json.mozlz4", (void 0)))
1624702825093	Marionette	INFO	Listening on port 64393
1624702825182	Marionette	WARN	TLS certificate errors will be ignored for this session
console.warn: LoginRecipes: "getRecipes: falling back to a synchronous message for:" "https://www.duolingo.com"
1624702922126	Marionette	INFO	Stopped listening on port 64393

###!!! [Child][RunMessage] Error: Channel closing: too late to send/recv, messages will be lost

1624702938955	geckodriver	INFO	Listening on 127.0.0.1:49600
1624702941998	mozrunner::runner	INFO	Running command: "C:\\Program Files\\Mozilla Firefox\\firefox.exe" "--marionette" "-foreground" "-no-remote" "-profile" "C:\\Users\\lenovo\\AppData\\Local\\Temp\\rust_mozprofileui2F9a"
1624702942404	Marionette	INFO	Marionette enabled
console.warn: SearchSettings: "get: No settings file exists, new profile?" (new NotFoundError("Could not open the file at C:\\Users\\lenovo\\AppData\\Local\\Temp\\rust_mozprofileui2F9a\\search.json.mozlz4", (void 0)))
1624702945015	Marionette	INFO	Listening on port 49608
1624702945184	Marionette	WARN	TLS certificate errors will be ignored for this session
1624703001311	Marionette	INFO	Stopped listening on port 49608

###!!! [Child][RunMessage] Error: Channel closing: too late to send/recv, messages will be lost

1624703004908	geckodriver	INFO	Listening on 127.0.0.1:50296
1624703007960	mozrunner::runner	INFO	Running command: "C:\\Program Files\\Mozilla Firefox\\firefox.exe" "--marionette" "-foreground" "-no-remote" "-profile" "C:\\Users\\lenovo\\AppData\\Local\\Temp\\rust_mozprofileXquAWO"
1624703008350	Marionette	INFO	Marionette enabled
console.warn: SearchSettings: "get: No settings file exists, new profile?" (new NotFoundError("Could not open the file at C:\\Users\\lenovo\\AppData\\Local\\Temp\\rust_mozprofileXquAWO\\search.json.mozlz4", (void 0)))
1624703011041	Marionette	INFO	Listening on port 50305
1624703011144	Marionette	WARN	TLS certificate errors will be ignored for this session
JavaScript error: , line 0: TypeError: NetworkError when attempting to fetch resource.
1624703051130	Marionette	INFO	Stopped listening on port 50305

###!!! [Child][RunMessage] Error: Channel closing: too late to send/recv, messages will be lost

1624703717752	geckodriver	INFO	Listening on 127.0.0.1:50956
1624703720791	mozrunner::runner	INFO	Running command: "C:\\Program Files\\Mozilla Firefox\\firefox.exe" "--marionette" "-foreground" "-no-remote" "-profile" "C:\\Users\\lenovo\\AppData\\Local\\Temp\\rust_mozprofilejPBiz3"
1624703721185	Marionette	INFO	Marionette enabled
console.warn: SearchSettings: "get: No settings file exists, new profile?" (new NotFoundError("Could not open the file at C:\\Users\\lenovo\\AppData\\Local\\Temp\\rust_mozprofilejPBiz3\\search.json.mozlz4", (void 0)))
1624703723892	Marionette	INFO	Listening on port 50964
1624703723978	Marionette	WARN	TLS certificate errors will be ignored for this session
1624703761652	Marionette	INFO	Stopped listening on port 50964

###!!! [Child][RunMessage] Error: Channel closing: too late to send/recv, messages will be lost

1624703763346	geckodriver	INFO	Listening on 127.0.0.1:51071
1624703766367	mozrunner::runner	INFO	Running command: "C:\\Program Files\\Mozilla Firefox\\firefox.exe" "--marionette" "-foreground" "-no-remote" "-profile" "C:\\Users\\lenovo\\AppData\\Local\\Temp\\rust_mozprofileOpQSiD"
1624703766772	Marionette	INFO	Marionette enabled
console.warn: SearchSettings: "get: No settings file exists, new profile?" (new NotFoundError("Could not open the file at C:\\Users\\lenovo\\AppData\\Local\\Temp\\rust_mozprofileOpQSiD\\search.json.mozlz4", (void 0)))
1624703769383	Marionette	INFO	Listening on port 51079
1624703769554	Marionette	WARN	TLS certificate errors will be ignored for this session
1624703791270	Marionette	INFO	Stopped listening on port 51079
1624703792319	geckodriver	INFO	Listening on 127.0.0.1:51189
1624703795365	mozrunner::runner	INFO	Running command: "C:\\Program Files\\Mozilla Firefox\\firefox.exe" "--marionette" "-foreground" "-no-remote" "-profile" "C:\\Users\\lenovo\\AppData\\Local\\Temp\\rust_mozprofileddV5gR"
1624703795781	Marionette	INFO	Marionette enabled
console.warn: SearchSettings: "get: No settings file exists, new profile?" (new NotFoundError("Could not open the file at C:\\Users\\lenovo\\AppData\\Local\\Temp\\rust_mozprofileddV5gR\\search.json.mozlz4", (void 0)))
1624703798485	Marionette	INFO	Listening on port 51197
1624703798600	Marionette	WARN	TLS certificate errors will be ignored for this session
1624703931401	Marionette	INFO	Stopped listening on port 51197

###!!! [Child][RunMessage] Error: Channel closing: too late to send/recv, messages will be lost

"--marionette" "-foreground" "-no-remote" "-profile" "C:\\Users\\lenovo\\AppData\\Local\\Temp\\rust_mozprofilef8VhCa"
1624703869436	Marionette	INFO	Marionette enabled
console.warn: SearchSettings: "get: No settings file exists, new profile?" (new NotFoundError("Could not open the file at C:\\Users\\lenovo\\AppData\\Local\\Temp\\rust_mozprofilef8VhCa\\search.json.mozlz4", (void 0)))
1624703872167	Marionette	INFO	Listening on port 55374
1624703872673	Marionette	WARN	TLS certificate errors will be ignored for this session
1624703908077	Marionette	INFO	Stopped listening on port 55374

###!!! [Child][RunMessage] Error: Channel closing: too late to send/recv, messages will be lost

1624703933166	geckodriver	INFO	Listening on 127.0.0.1:55507
1624703936208	mozrunner::runner	INFO	Running command: "C:\\Program Files\\Mozilla Firefox\\firefox.exe" "--marionette" "-foreground" "-no-remote" "-profile" "C:\\Users\\lenovo\\AppData\\Local\\Temp\\rust_mozprofileczlLJQ"
1624703936745	Marionette	INFO	Marionette enabled
console.warn: SearchSettings: "get: No settings file exists, new profile?" (new NotFoundError("Could not open the file at C:\\Users\\lenovo\\AppData\\Local\\Temp\\rust_mozprofileczlLJQ\\search.json.mozlz4", (void 0)))
1624703940433	Marionette	INFO	Listening on port 55532
1624703940532	Marionette	WARN	TLS certificate errors will be ignored for this session
JavaScript error: , line 0: uncaught exception: Object
1624703956022	Marionette	INFO	Stopped listening on port 55532

###!!! [Child][RunMessage] Error: Channel closing: too late to send/recv, messages will be lost

1624703957132	geckodriver	INFO	Listening on 127.0.0.1:55662
1624703960162	mozrunner::runner	INFO	Running command: "C:\\Program Files\\Mozilla Firefox\\firefox.exe" "--marionette" "-foreground" "-no-remote" "-profile" "C:\\Users\\lenovo\\AppData\\Local\\Temp\\rust_mozprofilecbZ2hq"
1624703960592	Marionette	INFO	Marionette enabled
console.warn: SearchSettings: "get: No settings file exists, new profile?" (new NotFoundError("Could not open the file at C:\\Users\\lenovo\\AppData\\Local\\Temp\\rust_mozprofilecbZ2hq\\search.json.mozlz4", (void 0)))
1624703963289	Marionette	INFO	Listening on port 55672
1624703963373	Marionette	WARN	TLS certificate errors will be ignored for this session
JavaScript error: , line 0: TypeError: NetworkError when attempting to fetch resource.
1624704206458	Marionette	INFO	Stopped listening on port 55672

###!!! [Child][RunMessage] Error: Channel closing: too late to send/recv, messages will be lost

\Temp\\rust_mozprofiletyzhgf"
1624704070782	Marionette	INFO	Marionette enabled
console.warn: SearchSettings: "get: No settings file exists, new profile?" (new NotFoundError("Could not open the file at C:\\Users\\lenovo\\AppData\\Local\\Temp\\rust_mozprofiletyzhgf\\search.json.mozlz4", (void 0)))
1624704073492	Marionette	INFO	Listening on port 55825
1624704073553	Marionette	WARN	TLS certificate errors will be ignored for this session
JavaScript error: , line 0: TypeError: NetworkError when attempting to fetch resource.
1624704112996	Marionette	INFO	Stopped listening on port 55825

###!!! [Child][RunMessage] Error: Channel closing: too late to send/recv, messages will be lost

\Temp\\rust_mozprofileGQMB8T"
1624704096898	Marionette	INFO	Marionette enabled
console.warn: SearchSettings: "get: No settings file exists, new profile?" (new NotFoundError("Could not open the file at C:\\Users\\lenovo\\AppData\\Local\\Temp\\rust_mozprofileGQMB8T\\search.json.mozlz4", (void 0)))
1624704099835	Marionette	INFO	Listening on port 55937
1624704100096	Marionette	WARN	TLS certificate errors will be ignored for this session
JavaScript error: , line 0: uncaught exception: Object
1624704198758	Marionette	INFO	Stopped listening on port 55937

###!!! [Child][RunMessage] Error: Channel closing: too late to send/recv, messages will be lost

1624704199826	geckodriver	INFO	Listening on 127.0.0.1:56119
1624704202870	mozrunner::runner	INFO	Running command: "C:\\Program Files\\Mozilla Firefox\\firefox.exe" "--marionette" "-foreground" "-no-remote" "-profile" "C:\\Users\\lenovo\\AppData\\Local\\Temp\\rust_mozprofileTFY4cq"
1624704203452	Marionette	INFO	Marionette enabled

###!!! [Child][RunMessage] Error: Channel closing: too late to send/recv, messages will be lost

1624704208571	geckodriver	INFO	Listening on 127.0.0.1:56143
1624704211605	mozrunner::runner	INFO	Running command: "C:\\Program Files\\Mozilla Firefox\\firefox.exe" "--marionette" "-foreground" "-no-remote" "-profile" "C:\\Users\\lenovo\\AppData\\Local\\Temp\\rust_mozprofile4St5Nc"
1624704212025	Marionette	INFO	Marionette enabled
console.warn: SearchSettings: "get: No settings file exists, new profile?" (new NotFoundError("Could not open the file at C:\\Users\\lenovo\\AppData\\Local\\Temp\\rust_mozprofile4St5Nc\\search.json.mozlz4", (void 0)))
1624704214780	Marionette	INFO	Listening on port 56155
1624704214824	Marionette	WARN	TLS certificate errors will be ignored for this session
1624704227153	Marionette	INFO	Stopped listening on port 56155

###!!! [Child][RunMessage] Error: Channel closing: too late to send/recv, messages will be lost

1624704254358	geckodriver	INFO	Listening on 127.0.0.1:56243
1624704257390	mozrunner::runner	INFO	Running command: "C:\\Program Files\\Mozilla Firefox\\firefox.exe" "--marionette" "-foreground" "-no-remote" "-profile" "C:\\Users\\lenovo\\AppData\\Local\\Temp\\rust_mozprofile2BG0Wy"
1624704257865	Marionette	INFO	Marionette enabled
console.warn: SearchSettings: "get: No settings file exists, new profile?" (new NotFoundError("Could not open the file at C:\\Users\\lenovo\\AppData\\Local\\Temp\\rust_mozprofile2BG0Wy\\search.json.mozlz4", (void 0)))
1624704260840	Marionette	INFO	Listening on port 56251
1624704261115	Marionette	WARN	TLS certificate errors will be ignored for this session

###!!! [Child][RunMessage] Error: Channel closing: too late to send/recv, messages will be lost

1624704328024	Marionette	INFO	Stopped listening on port 56251

###!!! [Child][RunMessage] Error: Channel closing: too late to send/recv, messages will be lost

1624704350844	geckodriver	INFO	Listening on 127.0.0.1:56364
1624704353882	mozrunner::runner	INFO	Running command: "C:\\Program Files\\Mozilla Firefox\\firefox.exe" "--marionette" "-foreground" "-no-remote" "-profile" "C:\\Users\\lenovo\\AppData\\Local\\Temp\\rust_mozprofileCIXjAF"
1624704354346	Marionette	INFO	Marionette enabled
console.warn: SearchSettings: "get: No settings file exists, new profile?" (new NotFoundError("Could not open the file at C:\\Users\\lenovo\\AppData\\Local\\Temp\\rust_mozprofileCIXjAF\\search.json.mozlz4", (void 0)))
1624704357142	Marionette	INFO	Listening on port 56392
1624704357599	Marionette	WARN	TLS certificate errors will be ignored for this session
1624704375497	Marionette	INFO	Stopped listening on port 56392
1624704376406	geckodriver	INFO	Listening on 127.0.0.1:56489
1624704379449	mozrunner::runner	INFO	Running command: "C:\\Program Files\\Mozilla Firefox\\firefox.exe" "--marionette" "-foreground" "-no-remote" "-profile" "C:\\Users\\lenovo\\AppData\\Local\\Temp\\rust_mozprofile17xdgh"
1624704379870	Marionette	INFO	Marionette enabled
console.warn: SearchSettings: "get: No settings file exists, new profile?" (new NotFoundError("Could not open the file at C:\\Users\\lenovo\\AppData\\Local\\Temp\\rust_mozprofile17xdgh\\search.json.mozlz4", (void 0)))
1624704382730	Marionette	INFO	Listening on port 56497
1624704383167	Marionette	WARN	TLS certificate errors will be ignored for this session
1624704417207	Marionette	INFO	Stopped listening on port 56497

###!!! [Child][RunMessage] Error: Channel closing: too late to send/recv, messages will be lost

1624704427466	geckodriver	INFO	Listening on 127.0.0.1:56660
1624704430505	mozrunner::runner	INFO	Running command: "C:\\Program Files\\Mozilla Firefox\\firefox.exe" "--marionette" "-foreground" "-no-remote" "-profile" "C:\\Users\\lenovo\\AppData\\Local\\Temp\\rust_mozprofilejtIDrM"
1624704431016	Marionette	INFO	Marionette enabled
console.warn: SearchSettings: "get: No settings file exists, new profile?" (new NotFoundError("Could not open the file at C:\\Users\\lenovo\\AppData\\Local\\Temp\\rust_mozprofilejtIDrM\\search.json.mozlz4", (void 0)))
1624704434204	Marionette	INFO	Listening on port 56668
1624704434254	Marionette	WARN	TLS certificate errors will be ignored for this session
1624704439072	Marionette	WARN	TimedPromise timed out after 500 ms: stacktrace:
TimedPromise/<@chrome://marionette/content/sync.js:237:19
TimedPromise@chrome://marionette/content/sync.js:222:10
interaction.flushEventLoop@chrome://marionette/content/interaction.js:431:10
webdriverClickElement@chrome://marionette/content/interaction.js:179:31
1624704491445	Marionette	INFO	Stopped listening on port 56668

###!!! [Child][RunMessage] Error: Channel closing: too late to send/recv, messages will be lost

"--marionette" "-foreground" "-no-remote" "-profile" "C:\\Users\\lenovo\\AppData\\Local\\Temp\\rust_mozprofileou0RN4"
1624704453661	Marionette	INFO	Marionette enabled
console.warn: SearchSettings: "get: No settings file exists, new profile?" (new NotFoundError("Could not open the file at C:\\Users\\lenovo\\AppData\\Local\\Temp\\rust_mozprofileou0RN4\\search.json.mozlz4", (void 0)))
1624704456534	Marionette	INFO	Listening on port 56773
1624704456862	Marionette	WARN	TLS certificate errors will be ignored for this session
1624704474551	Marionette	INFO	Stopped listening on port 56773

###!!! [Child][RunMessage] Error: Channel closing: too late to send/recv, messages will be lost

1624704475561	geckodriver	INFO	Listening on 127.0.0.1:56890
1624704478596	mozrunner::runner	INFO	Running command: "C:\\Program Files\\Mozilla Firefox\\firefox.exe" "--marionette" "-foreground" "-no-remote" "-profile" "C:\\Users\\lenovo\\AppData\\Local\\Temp\\rust_mozprofile9C8O19"
1624704479119	Marionette	INFO	Marionette enabled
console.warn: SearchSettings: "get: No settings file exists, new profile?" (new NotFoundError("Could not open the file at C:\\Users\\lenovo\\AppData\\Local\\Temp\\rust_mozprofile9C8O19\\search.json.mozlz4", (void 0)))
1624704482146	Marionette	INFO	Listening on port 56905
1624704482306	Marionette	WARN	TLS certificate errors will be ignored for this session
1624704500585	Marionette	INFO	Stopped listening on port 56905

###!!! [Child][RunMessage] Error: Channel closing: too late to send/recv, messages will be lost

1624704501536	geckodriver	INFO	Listening on 127.0.0.1:56998
1624704504570	mozrunner::runner	INFO	Running command: "C:\\Program Files\\Mozilla Firefox\\firefox.exe" "--marionette" "-foreground" "-no-remote" "-profile" "C:\\Users\\lenovo\\AppData\\Local\\Temp\\rust_mozprofileAMwrg7"
1624704505032	Marionette	INFO	Marionette enabled
console.warn: SearchSettings: "get: No settings file exists, new profile?" (new NotFoundError("Could not open the file at C:\\Users\\lenovo\\AppData\\Local\\Temp\\rust_mozprofileAMwrg7\\search.json.mozlz4", (void 0)))
1624704508118	Marionette	INFO	Listening on port 57006
1624704508292	Marionette	WARN	TLS certificate errors will be ignored for this session
1624704513826	Marionette	WARN	TimedPromise timed out after 500 ms: stacktrace:
TimedPromise/<@chrome://marionette/content/sync.js:237:19
TimedPromise@chrome://marionette/content/sync.js:222:10
interaction.flushEventLoop@chrome://marionette/content/interaction.js:431:10
webdriverClickElement@chrome://marionette/content/interaction.js:179:31
1624704533052	Marionette	INFO	Stopped listening on port 57006

###!!! [Child][RunMessage] Error: Channel closing: too late to send/recv, messages will be lost

"--marionette" "-foreground" "-no-remote" "-profile" "C:\\Users\\lenovo\\AppData\\Local\\Temp\\rust_mozprofiledflvuF"
1624704528326	Marionette	INFO	Marionette enabled
console.warn: SearchSettings: "get: No settings file exists, new profile?" (new NotFoundError("Could not open the file at C:\\Users\\lenovo\\AppData\\Local\\Temp\\rust_mozprofiledflvuF\\search.json.mozlz4", (void 0)))
1624704531498	Marionette	INFO	Listening on port 57115
1624704531582	Marionette	WARN	TLS certificate errors will be ignored for this session
1624704580924	Marionette	INFO	Stopped listening on port 57115
4704550784	mozrunner::runner	INFO	Running command: "C:\\Program Files\\Mozilla Firefox\\firefox.exe" "--marionette" "-foreground" "-no-remote" "-profile" "C:\\Users\\lenovo\\AppData\\Local\\Temp\\rust_mozprofileQMXMWH"
1624704551214	Marionette	INFO	Marionette enabled
console.warn: SearchSettings: "get: No settings file exists, new profile?" (new NotFoundError("Could not open the file at C:\\Users\\lenovo\\AppData\\Local\\Temp\\rust_mozprofileQMXMWH\\search.json.mozlz4", (void 0)))
1624704554649	Marionette	INFO	Listening on port 57214
1624704554984	Marionette	WARN	TLS certificate errors will be ignored for this session
1624704577358	Marionette	INFO	Stopped listening on port 57214

###!!! [Child][RunMessage] Error: Channel closing: too late to send/recv, messages will be lost

"--marionette" "-foreground" "-no-remote" "-profile" "C:\\Users\\lenovo\\AppData\\Local\\Temp\\rust_mozprofilezXPglN"
1624704574607	Marionette	INFO	Marionette enabled
console.warn: SearchSettings: "get: No settings file exists, new profile?" (new NotFoundError("Could not open the file at C:\\Users\\lenovo\\AppData\\Local\\Temp\\rust_mozprofilezXPglN\\search.json.mozlz4", (void 0)))
1624704578176	Marionette	INFO	Listening on port 57314
1624704578388	Marionette	WARN	TLS certificate errors will be ignored for this session
1624704582605	Marionette	INFO	Stopped listening on port 57311624704585446	mozrunner::runner	INFO	Running command: "C:\\Program Files\\Mozilla Firefox\\firefox.exe" "--marionette" "-foreground" "-no-remote" "-profile" "C:\\Users\\lenovo\\AppData\\Local\\Temp\\rust_mozprofileeIHizr"
1624704585907	Marionette	INFO	Marionette enabled
1624704624763	geckodriver	INFO	Listening on 127.0.0.1:57415
1624704627812	mozrunner::runner	INFO	Running command: "C:\\Program Files\\Mozilla Firefox\\firefox.exe" "--marionette" "-foreground" "-no-remote" "-profile" "C:\\Users\\lenovo\\AppData\\Local\\Temp\\rust_mozprofileP7Yl7P"
1624704628210	Marionette	INFO	Marionette enabled
console.warn: SearchSettings: "get: No settings file exists, new profile?" (new NotFoundError("Could not open the file at C:\\Users\\lenovo\\AppData\\Local\\Temp\\rust_mozprofileP7Yl7P\\search.json.mozlz4", (void 0)))
1624704630887	Marionette	INFO	Listening on port 57423
1624704631022	Marionette	WARN	TLS certificate errors will be ignored for this session
1624704644660	Marionette	INFO	Stopped listening on port 57423

###!!! [Child][RunMessage] Error: Channel closing: too late to send/recv, messages will be lost

1624704645978	geckodriver	INFO	Listening on 127.0.0.1:57567
1624704649010	mozrunner::runner	INFO	Running command: "C:\\Program Files\\Mozilla Firefox\\firefox.exe" "--marionette" "-foreground" "-no-remote" "-profile" "C:\\Users\\lenovo\\AppData\\Local\\Temp\\rust_mozprofileiuqa5i"
1624704649459	Marionette	INFO	Marionette enabled
console.warn: SearchSettings: "get: No settings file exists, new profile?" (new NotFoundError("Could not open the file at C:\\Users\\lenovo\\AppData\\Local\\Temp\\rust_mozprofileiuqa5i\\search.json.mozlz4", (void 0)))
1624704652318	Marionette	INFO	Listening on port 57575
1624704652734	Marionette	WARN	TLS certificate errors will be ignored for this session
1624704668271	Marionette	INFO	Stopped listening on port 57575

###!!! [Child][RunMessage] Error: Channel closing: too late to send/recv, messages will be lost

1624704669302	geckodriver	INFO	Listening on 127.0.0.1:57672
1624704672331	mozrunner::runner	INFO	Running command: "C:\\Program Files\\Mozilla Firefox\\firefox.exe" "--marionette" "-foreground" "-no-remote" "-profile" "C:\\Users\\lenovo\\AppData\\Local\\Temp\\rust_mozprofileeMxD4Y"
1624704672817	Marionette	INFO	Marionette enabled
console.warn: SearchSettings: "get: No settings file exists, new profile?" (new NotFoundError("Could not open the file at C:\\Users\\lenovo\\AppData\\Local\\Temp\\rust_mozprofileeMxD4Y\\search.json.mozlz4", (void 0)))
1624704675771	Marionette	INFO	Listening on port 57680
1624704676024	Marionette	WARN	TLS certificate errors will be ignored for this session
1624704690897	Marionette	INFO	Stopped listening on port 57680

###!!! [Child][RunMessage] Error: Channel closing: too late to send/recv, messages will be lost

1624704691809	geckodriver	INFO	Listening on 127.0.0.1:57774
1624704694844	mozrunner::runner	INFO	Running command: "C:\\Program Files\\Mozilla Firefox\\firefox.exe" "--marionette" "-foreground" "-no-remote" "-profile" "C:\\Users\\lenovo\\AppData\\Local\\Temp\\rust_mozprofileJjZ799"
1624704695236	Marionette	INFO	Marionette enabled
console.warn: SearchSettings: "get: No settings file exists, new profile?" (new NotFoundError("Could not open the file at C:\\Users\\lenovo\\AppData\\Local\\Temp\\rust_mozprofileJjZ799\\search.json.mozlz4", (void 0)))
1624704697875	Marionette	INFO	Listening on port 57782
1624704698026	Marionette	WARN	TLS certificate errors will be ignored for this session
1624704712990	Marionette	INFO	Stopped listening on port 57782

###!!! [Child][RunMessage] Error: Channel closing: too late to send/recv, messages will be lost

1624704713926	geckodriver	INFO	Listening on 127.0.0.1:57876
1624704716963	mozrunner::runner	INFO	Running command: "C:\\Program Files\\Mozilla Firefox\\firefox.exe" "--marionette" "-foreground" "-no-remote" "-profile" "C:\\Users\\lenovo\\AppData\\Local\\Temp\\rust_mozprofileKxKSWb"
1624704717388	Marionette	INFO	Marionette enabled
console.warn: SearchSettings: "get: No settings file exists, new profile?" (new NotFoundError("Could not open the file at C:\\Users\\lenovo\\AppData\\Local\\Temp\\rust_mozprofileKxKSWb\\search.json.mozlz4", (void 0)))
1624704720295	Marionette	INFO	Listening on port 57884
1624704720649	Marionette	WARN	TLS certificate errors will be ignored for this session
1624704734826	Marionette	INFO	Stopped listening on port 57884

###!!! [Child][RunMessage] Error: Channel closing: too late to send/recv, messages will be lost

1624704735853	geckodriver	INFO	Listening on 127.0.0.1:53095
1624704738877	mozrunner::runner	INFO	Running command: "C:\\Program Files\\Mozilla Firefox\\firefox.exe" "--marionette" "-foreground" "-no-remote" "-profile" "C:\\Users\\lenovo\\AppData\\Local\\Temp\\rust_mozprofile1A2Q1V"
1624704739256	Marionette	INFO	Marionette enabled
console.warn: SearchSettings: "get: No settings file exists, new profile?" (new NotFoundError("Could not open the file at C:\\Users\\lenovo\\AppData\\Local\\Temp\\rust_mozprofile1A2Q1V\\search.json.mozlz4", (void 0)))
1624704741777	Marionette	INFO	Listening on port 53103
1624704742056	Marionette	WARN	TLS certificate errors will be ignored for this session
1624704755531	Marionette	INFO	Stopped listening on port 53103

###!!! [Child][RunMessage] Error: Channel closing: too late to send/recv, messages will be lost

1624704756396	geckodriver	INFO	Listening on 127.0.0.1:53199
1624704759425	mozrunner::runner	INFO	Running command: "C:\\Program Files\\Mozilla Firefox\\firefox.exe" "--marionette" "-foreground" "-no-remote" "-profile" "C:\\Users\\lenovo\\AppData\\Local\\Temp\\rust_mozprofileW2zbqZ"
1624704759819	Marionette	INFO	Marionette enabled
console.warn: SearchSettings: "get: No settings file exists, new profile?" (new NotFoundError("Could not open the file at C:\\Users\\lenovo\\AppData\\Local\\Temp\\rust_mozprofileW2zbqZ\\search.json.mozlz4", (void 0)))
1624704762339	Marionette	INFO	Listening on port 53207
1624704762623	Marionette	WARN	TLS certificate errors will be ignored for this session
1624704777767	Marionette	INFO	Stopped listening on port 53207
1624704778665	geckodriver	INFO	Listening on 127.0.0.1:53302
1624704781685	mozrunner::runner	INFO	Running command: "C:\\Program Files\\Mozilla Firefox\\firefox.exe" "--marionette" "-foreground" "-no-remote" "-profile" "C:\\Users\\lenovo\\AppData\\Local\\Temp\\rust_mozprofileW9zyGA"
1624704782076	Marionette	INFO	Marionette enabled
console.warn: SearchSettings: "get: No settings file exists, new profile?" (new NotFoundError("Could not open the file at C:\\Users\\lenovo\\AppData\\Local\\Temp\\rust_mozprofileW9zyGA\\search.json.mozlz4", (void 0)))
1624704784632	Marionette	INFO	Listening on port 53310
1624704784869	Marionette	WARN	TLS certificate errors will be ignored for this session
1624704799819	Marionette	INFO	Stopped listening on port 53310

###!!! [Child][RunMessage] Error: Channel closing: too late to send/recv, messages will be lost

1624704800745	geckodriver	INFO	Listening on 127.0.0.1:53404
1624704803785	mozrunner::runner	INFO	Running command: "C:\\Program Files\\Mozilla Firefox\\firefox.exe" "--marionette" "-foreground" "-no-remote" "-profile" "C:\\Users\\lenovo\\AppData\\Local\\Temp\\rust_mozprofileczlh18"
1624704804192	Marionette	INFO	Marionette enabled
console.warn: SearchSettings: "get: No settings file exists, new profile?" (new NotFoundError("Could not open the file at C:\\Users\\lenovo\\AppData\\Local\\Temp\\rust_mozprofileczlh18\\search.json.mozlz4", (void 0)))
1624704806722	Marionette	INFO	Listening on port 53412
1624704806971	Marionette	WARN	TLS certificate errors will be ignored for this session
1624704820582	Marionette	INFO	Stopped listening on port 53412

###!!! [Child][RunMessage] Error: Channel closing: too late to send/recv, messages will be lost

1624704821570	geckodriver	INFO	Listening on 127.0.0.1:53508
1624704824591	mozrunner::runner	INFO	Running command: "C:\\Program Files\\Mozilla Firefox\\firefox.exe" "--marionette" "-foreground" "-no-remote" "-profile" "C:\\Users\\lenovo\\AppData\\Local\\Temp\\rust_mozprofileedeVTg"
1624704824976	Marionette	INFO	Marionette enabled
console.warn: SearchSettings: "get: No settings file exists, new profile?" (new NotFoundError("Could not open the file at C:\\Users\\lenovo\\AppData\\Local\\Temp\\rust_mozprofileedeVTg\\search.json.mozlz4", (void 0)))
1624704827403	Marionette	INFO	Listening on port 53516
1624704827790	Marionette	WARN	TLS certificate errors will be ignored for this session
1624704842786	Marionette	INFO	Stopped listening on port 53516
1624704843810	geckodriver	INFO	Listening on 127.0.0.1:53611
1624704846853	mozrunner::runner	INFO	Running command: "C:\\Program Files\\Mozilla Firefox\\firefox.exe" "--marionette" "-foreground" "-no-remote" "-profile" "C:\\Users\\lenovo\\AppData\\Local\\Temp\\rust_mozprofileOAwrdX"
1624704847232	Marionette	INFO	Marionette enabled
console.warn: SearchSettings: "get: No settings file exists, new profile?" (new NotFoundError("Could not open the file at C:\\Users\\lenovo\\AppData\\Local\\Temp\\rust_mozprofileOAwrdX\\search.json.mozlz4", (void 0)))
1624704849967	Marionette	INFO	Listening on port 53619
1624704850026	Marionette	WARN	TLS certificate errors will be ignored for this session
1624704865247	Marionette	INFO	Stopped listening on port 53619

###!!! [Child][RunMessage] Error: Channel closing: too late to send/recv, messages will be lost

1624704866143	geckodriver	INFO	Listening on 127.0.0.1:53712
1624704869169	mozrunner::runner	INFO	Running command: "C:\\Program Files\\Mozilla Firefox\\firefox.exe" "--marionette" "-foreground" "-no-remote" "-profile" "C:\\Users\\lenovo\\AppData\\Local\\Temp\\rust_mozprofileresLel"
1624704869561	Marionette	INFO	Marionette enabled
console.warn: SearchSettings: "get: No settings file exists, new profile?" (new NotFoundError("Could not open the file at C:\\Users\\lenovo\\AppData\\Local\\Temp\\rust_mozprofileresLel\\search.json.mozlz4", (void 0)))
1624704872085	Marionette	INFO	Listening on port 53720
1624704872353	Marionette	WARN	TLS certificate errors will be ignored for this session
1624704887201	Marionette	INFO	Stopped listening on port 53720

###!!! [Child][RunMessage] Error: Channel closing: too late to send/recv, messages will be lost

1624704888106	geckodriver	INFO	Listening on 127.0.0.1:53815
1624704891143	mozrunner::runner	INFO	Running command: "C:\\Program Files\\Mozilla Firefox\\firefox.exe" "--marionette" "-foreground" "-no-remote" "-profile" "C:\\Users\\lenovo\\AppData\\Local\\Temp\\rust_mozprofilex6E63H"
1624704891530	Marionette	INFO	Marionette enabled
console.warn: SearchSettings: "get: No settings file exists, new profile?" (new NotFoundError("Could not open the file at C:\\Users\\lenovo\\AppData\\Local\\Temp\\rust_mozprofilex6E63H\\search.json.mozlz4", (void 0)))
1624704894185	Marionette	INFO	Listening on port 53823
1624704894314	Marionette	WARN	TLS certificate errors will be ignored for this session
1624704907830	Marionette	INFO	Stopped listening on port 53823

###!!! [Child][RunMessage] Error: Channel closing: too late to send/recv, messages will be lost

1624704908816	geckodriver	INFO	Listening on 127.0.0.1:53916
1624704911860	mozrunner::runner	INFO	Running command: "C:\\Program Files\\Mozilla Firefox\\firefox.exe" "--marionette" "-foreground" "-no-remote" "-profile" "C:\\Users\\lenovo\\AppData\\Local\\Temp\\rust_mozprofileXFMlNq"
1624704912251	Marionette	INFO	Marionette enabled
console.warn: SearchSettings: "get: No settings file exists, new profile?" (new NotFoundError("Could not open the file at C:\\Users\\lenovo\\AppData\\Local\\Temp\\rust_mozprofileXFMlNq\\search.json.mozlz4", (void 0)))
1624704914876	Marionette	INFO	Listening on port 53924
1624704915057	Marionette	WARN	TLS certificate errors will be ignored for this session
1624704930125	Marionette	INFO	Stopped listening on port 53924

###!!! [Child][RunMessage] Error: Channel closing: too late to send/recv, messages will be lost

1624704931040	geckodriver	INFO	Listening on 127.0.0.1:54017
1624704934069	mozrunner::runner	INFO	Running command: "C:\\Program Files\\Mozilla Firefox\\firefox.exe" "--marionette" "-foreground" "-no-remote" "-profile" "C:\\Users\\lenovo\\AppData\\Local\\Temp\\rust_mozprofilesNleuU"
1624704934457	Marionette	INFO	Marionette enabled
console.warn: SearchSettings: "get: No settings file exists, new profile?" (new NotFoundError("Could not open the file at C:\\Users\\lenovo\\AppData\\Local\\Temp\\rust_mozprofilesNleuU\\search.json.mozlz4", (void 0)))
1624704937023	Marionette	INFO	Listening on port 54025
1624704937257	Marionette	WARN	TLS certificate errors will be ignored for this session
1624704951091	Marionette	INFO	Stopped listening on port 54025

###!!! [Child][RunMessage] Error: Channel closing: too late to send/recv, messages will be lost

1624704952002	geckodriver	INFO	Listening on 127.0.0.1:54124
1624704955029	mozrunner::runner	INFO	Running command: "C:\\Program Files\\Mozilla Firefox\\firefox.exe" "--marionette" "-foreground" "-no-remote" "-profile" "C:\\Users\\lenovo\\AppData\\Local\\Temp\\rust_mozprofileaHklpC"
1624704955424	Marionette	INFO	Marionette enabled
console.warn: SearchSettings: "get: No settings file exists, new profile?" (new NotFoundError("Could not open the file at C:\\Users\\lenovo\\AppData\\Local\\Temp\\rust_mozprofileaHklpC\\search.json.mozlz4", (void 0)))
1624704957977	Marionette	INFO	Listening on port 54132
1624704958203	Marionette	WARN	TLS certificate errors will be ignored for this session
1624704972072	Marionette	INFO	Stopped listening on port 54132

###!!! [Child][RunMessage] Error: Channel closing: too late to send/recv, messages will be lost

1624704972953	geckodriver	INFO	Listening on 127.0.0.1:54228
1624704975994	mozrunner::runner	INFO	Running command: "C:\\Program Files\\Mozilla Firefox\\firefox.exe" "--marionette" "-foreground" "-no-remote" "-profile" "C:\\Users\\lenovo\\AppData\\Local\\Temp\\rust_mozprofilePeDBKd"
1624704976404	Marionette	INFO	Marionette enabled
console.warn: SearchSettings: "get: No settings file exists, new profile?" (new NotFoundError("Could not open the file at C:\\Users\\lenovo\\AppData\\Local\\Temp\\rust_mozprofilePeDBKd\\search.json.mozlz4", (void 0)))
1624706346982	geckodriver	INFO	Listening on 127.0.0.1:55599
1624706350025	mozrunner::runner	INFO	Running command: "C:\\Program Files\\Mozilla Firefox\\firefox.exe" "--marionette" "-foreground" "-no-remote" "-profile" "C:\\Users\\lenovo\\AppData\\Local\\Temp\\rust_mozprofileaAojRs"
1624706350467	Marionette	INFO	Marionette enabled
console.warn: SearchSettings: "get: No settings file exists, new profile?" (new NotFoundError("Could not open the file at C:\\Users\\lenovo\\AppData\\Local\\Temp\\rust_mozprofileaAojRs\\search.json.mozlz4", (void 0)))
1624706352978	Marionette	INFO	Listening on port 55607
1624706353217	Marionette	WARN	TLS certificate errors will be ignored for this session
1624706368036	Marionette	INFO	Stopped listening on port 55607

###!!! [Child][RunMessage] Error: Channel closing: too late to send/recv, messages will be lost

1624706368947	geckodriver	INFO	Listening on 127.0.0.1:55704
1624706371973	mozrunner::runner	INFO	Running command: "C:\\Program Files\\Mozilla Firefox\\firefox.exe" "--marionette" "-foreground" "-no-remote" "-profile" "C:\\Users\\lenovo\\AppData\\Local\\Temp\\rust_mozprofiletE621k"
1624706372380	Marionette	INFO	Marionette enabled
console.warn: SearchSettings: "get: No settings file exists, new profile?" (new NotFoundError("Could not open the file at C:\\Users\\lenovo\\AppData\\Local\\Temp\\rust_mozprofiletE621k\\search.json.mozlz4", (void 0)))
1624706374921	Marionette	INFO	Listening on port 55712
1624706375170	Marionette	WARN	TLS certificate errors will be ignored for this session
1624706390027	Marionette	INFO	Stopped listening on port 55712

###!!! [Child][RunMessage] Error: Channel closing: too late to send/recv, messages will be lost

1624706391006	geckodriver	INFO	Listening on 127.0.0.1:55808
1624706394037	mozrunner::runner	INFO	Running command: "C:\\Program Files\\Mozilla Firefox\\firefox.exe" "--marionette" "-foreground" "-no-remote" "-profile" "C:\\Users\\lenovo\\AppData\\Local\\Temp\\rust_mozprofilegS4JMY"
1624706394449	Marionette	INFO	Marionette enabled
console.warn: SearchSettings: "get: No settings file exists, new profile?" (new NotFoundError("Could not open the file at C:\\Users\\lenovo\\AppData\\Local\\Temp\\rust_mozprofilegS4JMY\\search.json.mozlz4", (void 0)))
1624706397222	Marionette	INFO	Listening on port 55816
1624706397392	Marionette	INFO	Stopped listening on port 55816

###!!! [Child][RunMessage] Error: Channel closing: too late to send/recv, messages will be lost

1624706512203	geckodriver	INFO	Listening on 127.0.0.1:55987
1624706515231	mozrunner::runner	INFO	Running command: "C:\\Program Files\\Mozilla Firefox\\firefox.exe" "--marionette" "-foreground" "-no-remote" "-profile" "C:\\Users\\lenovo\\AppData\\Local\\Temp\\rust_mozprofileGUneht"
1624706515745	Marionette	INFO	Marionette enabled
console.warn: SearchSettings: "get: No settings file exists, new profile?" (new NotFoundError("Could not open the file at C:\\Users\\lenovo\\AppData\\Local\\Temp\\rust_mozprofileGUneht\\search.json.mozlz4", (void 0)))
1624706518673	Marionette	INFO	Listening on port 56006
1624706518942	Marionette	WARN	TLS certificate errors will be ignored for this session
1624706614841	Marionette	INFO	Stopped listening on port 56006

###!!! [Child][RunMessage] Error: Channel closing: too late to send/recv, messages will be lost

1624706615748	geckodriver	INFO	Listening on 127.0.0.1:57536
1624706618790	mozrunner::runner	INFO	Running command: "C:\\Program Files\\Mozilla Firefox\\firefox.exe" "--marionette" "-foreground" "-no-remote" "-profile" "C:\\Users\\lenovo\\AppData\\Local\\Temp\\rust_mozprofileP8pxWl"
1624706619242	Marionette	INFO	Marionette enabled
console.warn: SearchSettings: "get: No settings file exists, new profile?" (new NotFoundError("Could not open the file at C:\\Users\\lenovo\\AppData\\Local\\Temp\\rust_mozprofileP8pxWl\\search.json.mozlz4", (void 0)))
1624706622070	Marionette	INFO	Listening on port 57544
1624706622506	Marionette	WARN	TLS certificate errors will be ignored for this session
1624706637031	Marionette	INFO	Stopped listening on port 57544

###!!! [Child][RunMessage] Error: Channel closing: too late to send/recv, messages will be lost

1624706638050	geckodriver	INFO	Listening on 127.0.0.1:57643
1624706641080	mozrunner::runner	INFO	Running command: "C:\\Program Files\\Mozilla Firefox\\firefox.exe" "--marionette" "-foreground" "-no-remote" "-profile" "C:\\Users\\lenovo\\AppData\\Local\\Temp\\rust_mozprofileL6bLQk"
1624706641484	Marionette	INFO	Marionette enabled
console.warn: SearchSettings: "get: No settings file exists, new profile?" (new NotFoundError("Could not open the file at C:\\Users\\lenovo\\AppData\\Local\\Temp\\rust_mozprofileL6bLQk\\search.json.mozlz4", (void 0)))
console.error: services.settings: 
  main/message-groups Signature failed  TypeError: NetworkError when attempting to fetch resource.

###!!! [Child][RunMessage] Error: Channel closing: too late to send/recv, messages will be lost

1624706730731	geckodriver	INFO	Listening on 127.0.0.1:57706
1624706733768	mozrunner::runner	INFO	Running command: "C:\\Program Files\\Mozilla Firefox\\firefox.exe" "--marionette" "-foreground" "-no-remote" "-profile" "C:\\Users\\lenovo\\AppData\\Local\\Temp\\rust_mozprofilegTmwdN"
1624706734233	Marionette	INFO	Marionette enabled
console.warn: SearchSettings: "get: No settings file exists, new profile?" (new NotFoundError("Could not open the file at C:\\Users\\lenovo\\AppData\\Local\\Temp\\rust_mozprofilegTmwdN\\search.json.mozlz4", (void 0)))
1624706736975	Marionette	INFO	Listening on port 57714
1624706737478	Marionette	WARN	TLS certificate errors will be ignored for this session
1624706752005	Marionette	INFO	Stopped listening on port 57714

###!!! [Child][RunMessage] Error: Channel closing: too late to send/recv, messages will be lost

1624706752991	geckodriver	INFO	Listening on 127.0.0.1:57817
1624706756008	mozrunner::runner	INFO	Running command: "C:\\Program Files\\Mozilla Firefox\\firefox.exe" "--marionette" "-foreground" "-no-remote" "-profile" "C:\\Users\\lenovo\\AppData\\Local\\Temp\\rust_mozprofileXjbt3y"
1624706756431	Marionette	INFO	Marionette enabled
1624706890306	geckodriver	INFO	Listening on 127.0.0.1:63333
1624706893340	mozrunner::runner	INFO	Running command: "C:\\Program Files\\Mozilla Firefox\\firefox.exe" "--marionette" "-foreground" "-no-remote" "-profile" "C:\\Users\\lenovo\\AppData\\Local\\Temp\\rust_mozprofileGhKnY5"
1624706893775	Marionette	INFO	Marionette enabled
console.warn: SearchSettings: "get: No settings file exists, new profile?" (new NotFoundError("Could not open the file at C:\\Users\\lenovo\\AppData\\Local\\Temp\\rust_mozprofileGhKnY5\\search.json.mozlz4", (void 0)))
1624706896715	Marionette	INFO	Listening on port 63341
1624706897040	Marionette	WARN	TLS certificate errors will be ignored for this session
1624706911340	Marionette	INFO	Stopped listening on port 63341
[Parent 7284, IPC I/O Parent] WARNING: file /builds/worker/checkouts/gecko/ipc/chromium/src/base/process_util_win.cc:167

###!!! [Child][RunMessage] Error: Channel closing: too late to send/recv, messages will be lost

1624706912382	geckodriver	INFO	Listening on 127.0.0.1:63444
1624706915414	mozrunner::runner	INFO	Running command: "C:\\Program Files\\Mozilla Firefox\\firefox.exe" "--marionette" "-foreground" "-no-remote" "-profile" "C:\\Users\\lenovo\\AppData\\Local\\Temp\\rust_mozprofileloH1A4"
1624706915835	Marionette	INFO	Marionette enabled
console.warn: SearchSettings: "get: No settings file exists, new profile?" (new NotFoundError("Could not open the file at C:\\Users\\lenovo\\AppData\\Local\\Temp\\rust_mozprofileloH1A4\\search.json.mozlz4", (void 0)))
1624706918529	Marionette	INFO	Listening on port 63452
1624706918635	Marionette	WARN	TLS certificate errors will be ignored for this session
1624706933695	Marionette	INFO	Stopped listening on port 63452

###!!! [Child][RunMessage] Error: Channel closing: too late to send/recv, messages will be lost

1624706934830	geckodriver	INFO	Listening on 127.0.0.1:63578
1624706937866	mozrunner::runner	INFO	Running command: "C:\\Program Files\\Mozilla Firefox\\firefox.exe" "--marionette" "-foreground" "-no-remote" "-profile" "C:\\Users\\lenovo\\AppData\\Local\\Temp\\rust_mozprofileelzVXM"
1624706939351	geckodriver	INFO	Listening on 127.0.0.1:63591
1624706942403	mozrunner::runner	INFO	Running command: "C:\\Program Files\\Mozilla Firefox\\firefox.exe" "--marionette" "-foreground" "-no-remote" "-profile" "C:\\Users\\lenovo\\AppData\\Local\\Temp\\rust_mozprofileYyORPi"
1624706942857	Marionette	INFO	Marionette enabled
console.warn: SearchSettings: "get: No settings file exists, new profile?" (new NotFoundError("Could not open the file at C:\\Users\\lenovo\\AppData\\Local\\Temp\\rust_mozprofileYyORPi\\search.json.mozlz4", (void 0)))
1624706945903	Marionette	INFO	Listening on port 63599
1624706946128	Marionette	WARN	TLS certificate errors will be ignored for this session
1624706958898	Marionette	INFO	Stopped listening on port 63599

###!!! [Child][RunMessage] Error: Channel closing: too late to send/recv, messages will be lost

1624706959895	geckodriver	INFO	Listening on 127.0.0.1:63694
1624706962925	mozrunner::runner	INFO	Running command: "C:\\Program Files\\Mozilla Firefox\\firefox.exe" "--marionette" "-foreground" "-no-remote" "-profile" "C:\\Users\\lenovo\\AppData\\Local\\Temp\\rust_mozprofileJCqOeR"
1624706963361	Marionette	INFO	Marionette enabled
console.warn: SearchSettings: "get: No settings file exists, new profile?" (new NotFoundError("Could not open the file at C:\\Users\\lenovo\\AppData\\Local\\Temp\\rust_mozprofileJCqOeR\\search.json.mozlz4", (void 0)))
console.warn: SearchService: "_init: abandoning init due to shutting down"
JavaScript error: , line 0: uncaught exception: 2147500036
JavaScript error: , line 0: uncaught exception: 2147500036
JavaScript error: , line 0: uncaught exception: 2147500036
JavaScript error: , line 0: uncaught exception: 2147500036
JavaScript error: , line 0: uncaught exception: 2147500036
console.error: Region.jsm: "Error fetching region" (new TypeError("NetworkError when attempting to fetch resource.", ""))
console.error: Region.jsm: "Failed to fetch region" (new Error("NO_RESULT", "resource://gre/modules/Region.jsm", 419))
1624706995393	geckodriver	INFO	Listening on 127.0.0.1:63719
1624706998432	mozrunner::runner	INFO	Running command: "C:\\Program Files\\Mozilla Firefox\\firefox.exe" "--marionette" "-foreground" "-no-remote" "-profile" "C:\\Users\\lenovo\\AppData\\Local\\Temp\\rust_mozprofile02Q4P5"
1624706998853	Marionette	INFO	Marionette enabled
console.warn: SearchSettings: "get: No settings file exists, new profile?" (new NotFoundError("Could not open the file at C:\\Users\\lenovo\\AppData\\Local\\Temp\\rust_mozprofile02Q4P5\\search.json.mozlz4", (void 0)))
1624707001496	Marionette	INFO	Listening on port 63727
1624707001605	Marionette	WARN	TLS certificate errors will be ignored for this session
1624707013039	Marionette	INFO	Stopped listening on port 63727

###!!! [Child][RunMessage] Error: Channel closing: too late to send/recv, messages will be lost

1624707013911	geckodriver	INFO	Listening on 127.0.0.1:63821
1624707016951	mozrunner::runner	INFO	Running command: "C:\\Program Files\\Mozilla Firefox\\firefox.exe" "--marionette" "-foreground" "-no-remote" "-profile" "C:\\Users\\lenovo\\AppData\\Local\\Temp\\rust_mozprofile3fZnRE"
1624707017349	Marionette	INFO	Marionette enabled
console.warn: SearchSettings: "get: No settings file exists, new profile?" (new NotFoundError("Could not open the file at C:\\Users\\lenovo\\AppData\\Local\\Temp\\rust_mozprofile3fZnRE\\search.json.mozlz4", (void 0)))
1624707020190	Marionette	INFO	Listening on port 63829
1624707020642	Marionette	WARN	TLS certificate errors will be ignored for this session
1624707026877	geckodriver	INFO	Listening on 127.0.0.1:63918
1624707029906	mozrunner::runner	INFO	Running command: "C:\\Program Files\\Mozilla Firefox\\firefox.exe" "--marionette" "-foreground" "-no-remote" "-profile" "C:\\Users\\lenovo\\AppData\\Local\\Temp\\rust_mozprofilekC21pb"
1624707030352	Marionette	INFO	Marionette enabled
console.warn: SearchSettings: "get: No settings file exists, new profile?" (new NotFoundError("Could not open the file at C:\\Users\\lenovo\\AppData\\Local\\Temp\\rust_mozprofilekC21pb\\search.json.mozlz4", (void 0)))
1624707033106	Marionette	INFO	Listening on port 63926
1624707033608	Marionette	WARN	TLS certificate errors will be ignored for this session
1624707047933	Marionette	INFO	Stopped listening on port 63926

###!!! [Child][RunMessage] Error: Channel closing: too late to send/recv, messages will be lost

1624707048838	geckodriver	INFO	Listening on 127.0.0.1:64020
1624707051889	mozrunner::runner	INFO	Running command: "C:\\Program Files\\Mozilla Firefox\\firefox.exe" "--marionette" "-foreground" "-no-remote" "-profile" "C:\\Users\\lenovo\\AppData\\Local\\Temp\\rust_mozprofilelD0Nbs"
1624707052271	Marionette	INFO	Marionette enabled

###!!! [Child][RunMessage] Error: Channel closing: too late to send/recv, messages will be lost

1624707103710	geckodriver	INFO	Listening on 127.0.0.1:64040
1624707106739	mozrunner::runner	INFO	Running command: "C:\\Program Files\\Mozilla Firefox\\firefox.exe" "--marionette" "-foreground" "-no-remote" "-profile" "C:\\Users\\lenovo\\AppData\\Local\\Temp\\rust_mozprofileViXMcA"
1624707107143	Marionette	INFO	Marionette enabled
console.warn: SearchSettings: "get: No settings file exists, new profile?" (new NotFoundError("Could not open the file at C:\\Users\\lenovo\\AppData\\Local\\Temp\\rust_mozprofileViXMcA\\search.json.mozlz4", (void 0)))
1624707109715	Marionette	INFO	Listening on port 64048
1624707109949	Marionette	WARN	TLS certificate errors will be ignored for this session
1624707125267	Marionette	INFO	Stopped listening on port 64048

###!!! [Child][RunMessage] Error: Channel closing: too late to send/recv, messages will be lost

1624707126177	geckodriver	INFO	Listening on 127.0.0.1:64145
1624707129208	mozrunner::runner	INFO	Running command: "C:\\Program Files\\Mozilla Firefox\\firefox.exe" "--marionette" "-foreground" "-no-remote" "-profile" "C:\\Users\\lenovo\\AppData\\Local\\Temp\\rust_mozprofileDguTv8"
1624707129633	Marionette	INFO	Marionette enabled
console.warn: SearchSettings: "get: No settings file exists, new profile?" (new NotFoundError("Could not open the file at C:\\Users\\lenovo\\AppData\\Local\\Temp\\rust_mozprofileDguTv8\\search.json.mozlz4", (void 0)))
console.error: Region.jsm: "Error fetching region" (new TypeError("NetworkError when attempting to fetch resource.", ""))
console.error: Region.jsm: "Failed to fetch region" (new Error("NO_RESULT", "resource://gre/modules/Region.jsm", 419))
console.error: (new Error("Connection closed before committing the transaction.", "resource://gre/modules/Sqlite.jsm", 687))

###!!! [Child][RunMessage] Error: Channel closing: too late to send/recv, messages will be lost

1624707178219	geckodriver	INFO	Listening on 127.0.0.1:64181
1624707181263	mozrunner::runner	INFO	Running command: "C:\\Program Files\\Mozilla Firefox\\firefox.exe" "--marionette" "-foreground" "-no-remote" "-profile" "C:\\Users\\lenovo\\AppData\\Local\\Temp\\rust_mozprofileWW2JTy"
1624707181783	Marionette	INFO	Marionette enabled
console.warn: SearchSettings: "get: No settings file exists, new profile?" (new NotFoundError("Could not open the file at C:\\Users\\lenovo\\AppData\\Local\\Temp\\rust_mozprofileWW2JTy\\search.json.mozlz4", (void 0)))
1624707184959	Marionette	INFO	Listening on port 64189
1624707185485	Marionette	WARN	TLS certificate errors will be ignored for this session
1624707199504	Marionette	INFO	Stopped listening on port 64189

###!!! [Child][RunMessage] Error: Channel closing: too late to send/recv, messages will be lost

1624707200561	geckodriver	INFO	Listening on 127.0.0.1:64296
1624707203590	mozrunner::runner	INFO	Running command: "C:\\Program Files\\Mozilla Firefox\\firefox.exe" "--marionette" "-foreground" "-no-remote" "-profile" "C:\\Users\\lenovo\\AppData\\Local\\Temp\\rust_mozprofilejmVqAG"
1624707204058	Marionette	INFO	Marionette enabled
console.warn: SearchSettings: "get: No settings file exists, new profile?" (new NotFoundError("Could not open the file at C:\\Users\\lenovo\\AppData\\Local\\Temp\\rust_mozprofilejmVqAG\\search.json.mozlz4", (void 0)))
1624707206789	Marionette	INFO	Listening on port 64304
1624707207297	Marionette	WARN	TLS certificate errors will be ignored for this session
1624707224165	Marionette	INFO	Stopped listening on port 64304

###!!! [Child][RunMessage] Error: Channel closing: too late to send/recv, messages will be lost

1624707225195	geckodriver	INFO	Listening on 127.0.0.1:64402
1624707228235	mozrunner::runner	INFO	Running command: "C:\\Program Files\\Mozilla Firefox\\firefox.exe" "--marionette" "-foreground" "-no-remote" "-profile" "C:\\Users\\lenovo\\AppData\\Local\\Temp\\rust_mozprofiler5x1TX"
1624707228668	Marionette	INFO	Marionette enabled
